Traceback (most recent call last):
  File "C:\Users\orect\mambaforge\envs\pyFin\Lib\site-packages\jupyter_cache\executors\utils.py", line 58, in single_nb_execution
    executenb(
  File "C:\Users\orect\mambaforge\envs\pyFin\Lib\site-packages\nbclient\client.py", line 1305, in execute
    return NotebookClient(nb=nb, resources=resources, km=km, **kwargs).execute()
           ^^^^^^^^^^^^^^^^^^^^^^^^^^^^^^^^^^^^^^^^^^^^^^^^^^^^^^^^^^^^^^^^^^^^^
  File "C:\Users\orect\mambaforge\envs\pyFin\Lib\site-packages\jupyter_core\utils\__init__.py", line 166, in wrapped
    return loop.run_until_complete(inner)
           ^^^^^^^^^^^^^^^^^^^^^^^^^^^^^^
  File "C:\Users\orect\mambaforge\envs\pyFin\Lib\asyncio\base_events.py", line 653, in run_until_complete
    return future.result()
           ^^^^^^^^^^^^^^^
  File "C:\Users\orect\mambaforge\envs\pyFin\Lib\site-packages\nbclient\client.py", line 705, in async_execute
    await self.async_execute_cell(
  File "C:\Users\orect\mambaforge\envs\pyFin\Lib\site-packages\nbclient\client.py", line 1058, in async_execute_cell
    await self._check_raise_for_error(cell, cell_index, exec_reply)
  File "C:\Users\orect\mambaforge\envs\pyFin\Lib\site-packages\nbclient\client.py", line 914, in _check_raise_for_error
    raise CellExecutionError.from_cell_and_msg(cell, exec_reply_content)
nbclient.exceptions.CellExecutionError: An error occurred while executing the following cell:
------------------
import Distributions.quantile, Distributions.DiscreteNonParametric

"Compute the τ-th quantile of v(X) when X ∼ ϕ and v = sort(v)."
function quantile(τ, v, ϕ)
    for (i, v_value) in enumerate(v)
        p = sum(ϕ[1:i])  # sum all ϕ[j] s.t. v[j] ≤ v_value
        if p ≥ τ         # exit and return v_value if prob ≥ τ
            return v_value
        end
    end

end

"For each i, compute the τ-th quantile of v(Y) when Y ∼ P(i, ⋅)"
function R(τ, v, P)
    return [quantile(τ, v, P[i, :]) for i in eachindex(v)]
end


function quantile_test(τ)
    ϕ = [0.1, 0.2, 0.7]
    v = [10, 20, 30]

    d = DiscreteNonParametric(v, ϕ)
    return quantile(τ, v, ϕ), quantile(d, τ)
end
    



------------------


ArgumentError: Package Distributions not found in current path.
- Run `import Pkg; Pkg.add("Distributions")` to install the Distributions package.

Stacktrace:
 [1] macro expansion
   @ .\loading.jl:1630 [inlined]
 [2] macro expansion
   @ .\lock.jl:267 [inlined]
 [3] require(into::Module, mod::Symbol)
   @ Base .\loading.jl:1611

